0 info it worked if it ends with ok
1 verbose cli [ 'C:\\Program Files\\nodejs\\node.exe',
1 verbose cli   'C:\\Program Files\\nodejs\\node_modules\\npm\\bin\\npm-cli.js',
1 verbose cli   'run',
1 verbose cli   'dev' ]
2 info using npm@3.10.10
3 info using node@v6.11.0
4 verbose run-script [ 'predev', 'dev', 'postdev' ]
5 info lifecycle my-website@1.0.0~predev: my-website@1.0.0
6 silly lifecycle my-website@1.0.0~predev: no script for predev, continuing
7 info lifecycle my-website@1.0.0~dev: my-website@1.0.0
8 verbose lifecycle my-website@1.0.0~dev: unsafe-perm in lifecycle true
9 verbose lifecycle my-website@1.0.0~dev: PATH: C:\Program Files\nodejs\node_modules\npm\bin\node-gyp-bin;D:\Libraries\Documents\Atom Projects\My-Website\node_modules\.bin;c:\Program Files (x86)\NVIDIA Corporation\PhysX\Common;C:\Program Files (x86)\Intel\iCLS Client\;C:\Program Files\Intel\iCLS Client\;C:\WINDOWS\system32;C:\WINDOWS;C:\WINDOWS\System32\Wbem;C:\WINDOWS\System32\WindowsPowerShell\v1.0\;C:\Program Files\Intel\Intel(R) Management Engine Components\DAL;C:\Program Files\Intel\Intel(R) Management Engine Components\IPT;C:\Program Files (x86)\Intel\Intel(R) Management Engine Components\DAL;C:\Program Files (x86)\Intel\Intel(R) Management Engine Components\IPT;C:\WINDOWS\system32\config\systemprofile\.dnx\bin;C:\Program Files\Microsoft DNX\Dnvm\;C:\Program Files (x86)\Windows Kits\8.1\Windows Performance Toolkit\;C:\Program Files\Git\cmd;C:\Program Files (x86)\Windows Live\Shared;C:\Program Files (x86)\Skype\Phone\;C:\Program Files (x86)\GtkSharp\2.12\bin;C:\Program Files\nodejs\;c:\Program Files (x86)\NVIDIA Corporation\PhysX\Common;C:\Program Files (x86)\Intel\iCLS Client\;C:\Program Files\Intel\iCLS Client\;C:\WINDOWS\system32;C:\WINDOWS;C:\WINDOWS\System32\Wbem;C:\WINDOWS\System32\WindowsPowerShell\v1.0\;C:\Program Files\Intel\Intel(R) Management Engine Components\DAL;C:\Program Files\Intel\Intel(R) Management Engine Components\IPT;C:\Program Files (x86)\Intel\Intel(R) Management Engine Components\DAL;C:\Program Files (x86)\Intel\Intel(R) Management Engine Components\IPT;C:\Program Files (x86)\Skype\Phone\;C:\Users\Zach\.dnx\bin;C:\Program Files\Microsoft DNX\Dnvm\;C:\Program Files (x86)\Windows Kits\8.1\Windows Performance Toolkit\;C:\Users\Zach\AppData\Local\atom\bin;C:\Python27;C:\Python27\Scripts;C:\Users\Zach\AppData\Local\Microsoft\WindowsApps;C:\Users\Zach\AppData\Roaming\npm;
10 verbose lifecycle my-website@1.0.0~dev: CWD: D:\Libraries\Documents\Atom Projects\My-Website
11 silly lifecycle my-website@1.0.0~dev: Args: [ '/d /s /c',
11 silly lifecycle   'SET NODE_ENV=development&nodemon ExpressServer.js' ]
12 silly lifecycle my-website@1.0.0~dev: Returned: code: 3221225786  signal: null
13 info lifecycle my-website@1.0.0~dev: Failed to exec dev script
14 verbose stack Error: my-website@1.0.0 dev: `SET NODE_ENV=development&nodemon ExpressServer.js`
14 verbose stack Exit status 3221225786
14 verbose stack     at EventEmitter.<anonymous> (C:\Program Files\nodejs\node_modules\npm\lib\utils\lifecycle.js:255:16)
14 verbose stack     at emitTwo (events.js:106:13)
14 verbose stack     at EventEmitter.emit (events.js:191:7)
14 verbose stack     at ChildProcess.<anonymous> (C:\Program Files\nodejs\node_modules\npm\lib\utils\spawn.js:40:14)
14 verbose stack     at emitTwo (events.js:106:13)
14 verbose stack     at ChildProcess.emit (events.js:191:7)
14 verbose stack     at maybeClose (internal/child_process.js:891:16)
14 verbose stack     at Process.ChildProcess._handle.onexit (internal/child_process.js:226:5)
15 verbose pkgid my-website@1.0.0
16 verbose cwd D:\Libraries\Documents\Atom Projects\My-Website
17 error Windows_NT 10.0.16299
18 error argv "C:\\Program Files\\nodejs\\node.exe" "C:\\Program Files\\nodejs\\node_modules\\npm\\bin\\npm-cli.js" "run" "dev"
19 error node v6.11.0
20 error npm  v3.10.10
21 error code ELIFECYCLE
22 error my-website@1.0.0 dev: `SET NODE_ENV=development&nodemon ExpressServer.js`
22 error Exit status 3221225786
23 error Failed at the my-website@1.0.0 dev script 'SET NODE_ENV=development&nodemon ExpressServer.js'.
23 error Make sure you have the latest version of node.js and npm installed.
23 error If you do, this is most likely a problem with the my-website package,
23 error not with npm itself.
23 error Tell the author that this fails on your system:
23 error     SET NODE_ENV=development&nodemon ExpressServer.js
23 error You can get information on how to open an issue for this project with:
23 error     npm bugs my-website
23 error Or if that isn't available, you can get their info via:
23 error     npm owner ls my-website
23 error There is likely additional logging output above.
24 verbose exit [ 1, true ]
